2025-10-30 08:36:39,933 - root - INFO - Logging configurado.
2025-10-30 08:36:39,951 - __main__ - INFO - Configuración 'config.yaml' cargada.
2025-10-30 08:36:39,954 - rl_core.rl_processor - INFO - RLProcessor inicializado. Cargando datos desde: csv_data
2025-10-30 08:36:39,954 - __main__ - INFO - Cargando y procesando datos de entrenamiento ([2020, 2021, 2022])...
2025-10-30 08:36:39,954 - rl_core.rl_processor - INFO - Cargando datos locales desde: csv_data\DAT_ASCII_EURUSD_M1_2020.csv...
2025-10-30 08:36:39,954 - rl_core.rl_processor - WARNING - No se encontró el archivo: csv_data\DAT_ASCII_EURUSD_M1_2020.csv. Saltando año 2020.
2025-10-30 08:36:39,954 - rl_core.rl_processor - INFO - Cargando datos locales desde: csv_data\DAT_ASCII_EURUSD_M1_2021.csv...
2025-10-30 08:36:39,954 - rl_core.rl_processor - WARNING - No se encontró el archivo: csv_data\DAT_ASCII_EURUSD_M1_2021.csv. Saltando año 2021.
2025-10-30 08:36:39,954 - rl_core.rl_processor - INFO - Cargando datos locales desde: csv_data\DAT_ASCII_EURUSD_M1_2022.csv...
2025-10-30 08:36:39,954 - rl_core.rl_processor - WARNING - No se encontró el archivo: csv_data\DAT_ASCII_EURUSD_M1_2022.csv. Saltando año 2022.
2025-10-30 08:36:39,954 - __main__ - CRITICAL - Fallo al cargar/procesar datos CSV: No se pudieron cargar datos CSV válidos para ningún año en la lista: [2020, 2021, 2022]. Verifica la ruta 'csv_data' y que los archivos existan con el formato esperado (Ej: 'DAT_ASCII_EURUSD_M1_2020.csv') y contengan las columnas correctas (sin encabezado).
2025-10-30 08:36:39,954 - rl_core.rl_processor - INFO - RLProcessor (modo CSV) finalizado.
2025-10-30 08:36:39,954 - rl_core.rl_processor - INFO - RLProcessor (modo CSV) finalizado.
2025-10-30 08:36:39,954 - __main__ - INFO - RLProcessor (modo CSV) finalizado.
2025-10-30 08:37:37,312 - root - INFO - Logging configurado.
2025-10-30 08:37:37,312 - __main__ - INFO - Configuración 'config.yaml' cargada.
2025-10-30 08:37:37,312 - rl_core.rl_processor - INFO - RLProcessor inicializado. Cargando datos desde: csv_data
2025-10-30 08:37:37,312 - __main__ - INFO - Cargando y procesando datos de entrenamiento ([2020, 2021, 2022])...
2025-10-30 08:37:37,312 - rl_core.rl_processor - INFO - Cargando datos locales desde: csv_data\DAT_ASCII_EURUSD_M1_2020.csv...
2025-10-30 08:37:37,367 - rl_core.rl_processor - ERROR - Error cargando o procesando el archivo para el año 2020 (csv_data\DAT_ASCII_EURUSD_M1_2020.csv): Too many columns specified: expected 7 and found 1
Traceback (most recent call last):
  File "c:\Users\andre\Desktop\BOT\TradingBOT nueva arquitectura_divisas\rl_core\rl_processor.py", line 69, in get_data_for_years
    df_year = pd.read_csv(
              ^^^^^^^^^^^^
  File "C:\Users\andre\AppData\Local\Programs\Python\Python312\Lib\site-packages\pandas\io\parsers\readers.py", line 1026, in read_csv
    return _read(filepath_or_buffer, kwds)
           ^^^^^^^^^^^^^^^^^^^^^^^^^^^^^^^
  File "C:\Users\andre\AppData\Local\Programs\Python\Python312\Lib\site-packages\pandas\io\parsers\readers.py", line 626, in _read
    return parser.read(nrows)
           ^^^^^^^^^^^^^^^^^^
  File "C:\Users\andre\AppData\Local\Programs\Python\Python312\Lib\site-packages\pandas\io\parsers\readers.py", line 1923, in read
    ) = self._engine.read(  # type: ignore[attr-defined]
        ^^^^^^^^^^^^^^^^^^^^^^^^^^^^^^^^^^^^^^^^^^^^^^^^
  File "C:\Users\andre\AppData\Local\Programs\Python\Python312\Lib\site-packages\pandas\io\parsers\c_parser_wrapper.py", line 234, in read
    chunks = self._reader.read_low_memory(nrows)
             ^^^^^^^^^^^^^^^^^^^^^^^^^^^^^^^^^^^
  File "pandas/_libs/parsers.pyx", line 838, in pandas._libs.parsers.TextReader.read_low_memory
  File "pandas/_libs/parsers.pyx", line 921, in pandas._libs.parsers.TextReader._read_rows
  File "pandas/_libs/parsers.pyx", line 983, in pandas._libs.parsers.TextReader._convert_column_data
pandas.errors.ParserError: Too many columns specified: expected 7 and found 1
2025-10-30 08:37:37,402 - rl_core.rl_processor - INFO - Cargando datos locales desde: csv_data\DAT_ASCII_EURUSD_M1_2021.csv...
2025-10-30 08:37:37,453 - rl_core.rl_processor - ERROR - Error cargando o procesando el archivo para el año 2021 (csv_data\DAT_ASCII_EURUSD_M1_2021.csv): Too many columns specified: expected 7 and found 1
Traceback (most recent call last):
  File "c:\Users\andre\Desktop\BOT\TradingBOT nueva arquitectura_divisas\rl_core\rl_processor.py", line 69, in get_data_for_years
    df_year = pd.read_csv(
              ^^^^^^^^^^^^
  File "C:\Users\andre\AppData\Local\Programs\Python\Python312\Lib\site-packages\pandas\io\parsers\readers.py", line 1026, in read_csv
    return _read(filepath_or_buffer, kwds)
           ^^^^^^^^^^^^^^^^^^^^^^^^^^^^^^^
  File "C:\Users\andre\AppData\Local\Programs\Python\Python312\Lib\site-packages\pandas\io\parsers\readers.py", line 626, in _read
    return parser.read(nrows)
           ^^^^^^^^^^^^^^^^^^
  File "C:\Users\andre\AppData\Local\Programs\Python\Python312\Lib\site-packages\pandas\io\parsers\readers.py", line 1923, in read
    ) = self._engine.read(  # type: ignore[attr-defined]
        ^^^^^^^^^^^^^^^^^^^^^^^^^^^^^^^^^^^^^^^^^^^^^^^^
  File "C:\Users\andre\AppData\Local\Programs\Python\Python312\Lib\site-packages\pandas\io\parsers\c_parser_wrapper.py", line 234, in read
    chunks = self._reader.read_low_memory(nrows)
             ^^^^^^^^^^^^^^^^^^^^^^^^^^^^^^^^^^^
  File "pandas/_libs/parsers.pyx", line 838, in pandas._libs.parsers.TextReader.read_low_memory
  File "pandas/_libs/parsers.pyx", line 921, in pandas._libs.parsers.TextReader._read_rows
  File "pandas/_libs/parsers.pyx", line 983, in pandas._libs.parsers.TextReader._convert_column_data
pandas.errors.ParserError: Too many columns specified: expected 7 and found 1
2025-10-30 08:37:37,454 - rl_core.rl_processor - INFO - Cargando datos locales desde: csv_data\DAT_ASCII_EURUSD_M1_2022.csv...
2025-10-30 08:37:37,497 - rl_core.rl_processor - ERROR - Error cargando o procesando el archivo para el año 2022 (csv_data\DAT_ASCII_EURUSD_M1_2022.csv): Too many columns specified: expected 7 and found 1
Traceback (most recent call last):
  File "c:\Users\andre\Desktop\BOT\TradingBOT nueva arquitectura_divisas\rl_core\rl_processor.py", line 69, in get_data_for_years
    df_year = pd.read_csv(
              ^^^^^^^^^^^^
  File "C:\Users\andre\AppData\Local\Programs\Python\Python312\Lib\site-packages\pandas\io\parsers\readers.py", line 1026, in read_csv
    return _read(filepath_or_buffer, kwds)
           ^^^^^^^^^^^^^^^^^^^^^^^^^^^^^^^
  File "C:\Users\andre\AppData\Local\Programs\Python\Python312\Lib\site-packages\pandas\io\parsers\readers.py", line 626, in _read
    return parser.read(nrows)
           ^^^^^^^^^^^^^^^^^^
  File "C:\Users\andre\AppData\Local\Programs\Python\Python312\Lib\site-packages\pandas\io\parsers\readers.py", line 1923, in read
    ) = self._engine.read(  # type: ignore[attr-defined]
        ^^^^^^^^^^^^^^^^^^^^^^^^^^^^^^^^^^^^^^^^^^^^^^^^
  File "C:\Users\andre\AppData\Local\Programs\Python\Python312\Lib\site-packages\pandas\io\parsers\c_parser_wrapper.py", line 234, in read
    chunks = self._reader.read_low_memory(nrows)
             ^^^^^^^^^^^^^^^^^^^^^^^^^^^^^^^^^^^
  File "pandas/_libs/parsers.pyx", line 838, in pandas._libs.parsers.TextReader.read_low_memory
  File "pandas/_libs/parsers.pyx", line 921, in pandas._libs.parsers.TextReader._read_rows
  File "pandas/_libs/parsers.pyx", line 983, in pandas._libs.parsers.TextReader._convert_column_data
pandas.errors.ParserError: Too many columns specified: expected 7 and found 1
2025-10-30 08:37:37,497 - __main__ - CRITICAL - Fallo al cargar/procesar datos CSV: No se pudieron cargar datos CSV válidos para ningún año en la lista: [2020, 2021, 2022]. Verifica la ruta 'csv_data' y que los archivos existan con el formato esperado (Ej: 'DAT_ASCII_EURUSD_M1_2020.csv') y contengan las columnas correctas (sin encabezado).
2025-10-30 08:37:37,497 - rl_core.rl_processor - INFO - RLProcessor (modo CSV) finalizado.
2025-10-30 08:37:37,497 - rl_core.rl_processor - INFO - RLProcessor (modo CSV) finalizado.
2025-10-30 08:37:37,497 - __main__ - INFO - RLProcessor (modo CSV) finalizado.
2025-10-30 22:20:37,937 - root - INFO - Logging configurado.
2025-10-30 22:20:37,968 - __main__ - INFO - Credenciales cargadas desde variables de entorno (Login: 1511879566).
2025-10-30 22:20:37,968 - __main__ - INFO - Usando riesgo por operación: 0.5%
2025-10-30 22:20:38,127 - pyrobot.broker - INFO - Conexión MT5 establecida para login 1511879566 en FTMO-Demo
2025-10-30 22:20:38,143 - __main__ - INFO - Broker conectado.
2025-10-30 22:20:38,143 - rl_core.rl_agent - CRITICAL - No se encontró el modelo guardado en rl_forex_model_ppo_optimized.zip
2025-10-30 22:20:38,144 - rl_core.rl_agent - CRITICAL - Asegúrate de ejecutar 'train_rl.py' primero.
2025-10-30 22:20:38,144 - root - CRITICAL - Fallo fatal al inicializar o ejecutar el bot: rl_forex_model_ppo_optimized.zip
Traceback (most recent call last):
  File "c:\Users\andre\Desktop\BOT\TradingBOT nueva arquitectura_divisas\run_rl_robot.py", line 463, in <module>
    bot = LiveBot(config)
          ^^^^^^^^^^^^^^^
  File "c:\Users\andre\Desktop\BOT\TradingBOT nueva arquitectura_divisas\run_rl_robot.py", line 93, in __init__
    self.agent.load_model()
  File "c:\Users\andre\Desktop\BOT\TradingBOT nueva arquitectura_divisas\rl_core\rl_agent.py", line 102, in load_model
    raise FileNotFoundError(model_path)
FileNotFoundError: rl_forex_model_ppo_optimized.zip
